* using log directory ‘/gpfs/gsfs9/users/CCRBioinfo/dalgleishjl/hicnv/hicnv/HiCNV.Rcheck’
* using R version 3.5.0 (2018-04-23)
* using platform: x86_64-pc-linux-gnu (64-bit)
* using session charset: UTF-8
* using option ‘--as-cran’
* checking for file ‘HiCNV/DESCRIPTION’ ... OK
* checking extension type ... Package
* this is package ‘HiCNV’ version ‘1.3.1’
* checking CRAN incoming feasibility ... NOTE
Maintainer: ‘James Dalgleish <james.dalgleish@nih.gov>’

New submission

Found the following (possibly) invalid URLs:
  URL: https://github.com/jamesdalg/CNScope_public_data
    From: inst/doc/create_output_matrix.html
    Status: 404
    Message: Not Found
  URL: https://github.com/jamesdalg/HiCNV/
    From: DESCRIPTION
    Status: 404
    Message: Not Found
  URL: https://github.com/jamesdalg/HiCNV/issues/
    From: DESCRIPTION
    Status: 404
    Message: Not Found

The Title field should be in title case, current version then in title case:
‘A highly useful package for dealing with CNV relation data’
‘A Highly Useful Package for Dealing with CNV Relation Data’
* checking package namespace information ... OK
* checking package dependencies ... OK
* checking if this is a source package ... OK
* checking if there is a namespace ... OK
* checking for executable files ... OK
* checking for hidden files and directories ... OK
* checking for portable file names ... OK
* checking for sufficient/correct file permissions ... OK
* checking serialization versions ... OK
* checking whether package ‘HiCNV’ can be installed ... ERROR
Installation failed.
See ‘/gpfs/gsfs9/users/CCRBioinfo/dalgleishjl/hicnv/hicnv/HiCNV.Rcheck/00install.out’ for details.
* DONE
Status: 1 ERROR, 1 NOTE
