* installing *source* package ‘HiCNV’ ...
** R
** inst
** byte-compile and prepare package for lazy loading
Warning: replacing previous import 'IRanges::which' by 'Matrix::which' when loading 'HiCNV'
Warning: replacing previous import 'IRanges::shift' by 'data.table::shift' when loading 'HiCNV'
Warning: replacing previous import 'data.table::first' by 'dplyr::first' when loading 'HiCNV'
Warning: replacing previous import 'IRanges::slice' by 'dplyr::slice' when loading 'HiCNV'
Warning: replacing previous import 'data.table::between' by 'dplyr::between' when loading 'HiCNV'
Warning: replacing previous import 'IRanges::collapse' by 'dplyr::collapse' when loading 'HiCNV'
Warning: replacing previous import 'IRanges::intersect' by 'dplyr::intersect' when loading 'HiCNV'
Warning: replacing previous import 'biomaRt::select' by 'dplyr::select' when loading 'HiCNV'
Warning: replacing previous import 'data.table::last' by 'dplyr::last' when loading 'HiCNV'
Warning: replacing previous import 'IRanges::setdiff' by 'dplyr::setdiff' when loading 'HiCNV'
Warning: replacing previous import 'IRanges::union' by 'dplyr::union' when loading 'HiCNV'
Warning: replacing previous import 'IRanges::desc' by 'dplyr::desc' when loading 'HiCNV'
Warning: replacing previous import 'dplyr::union' by 'igraph::union' when loading 'HiCNV'
Warning: replacing previous import 'dplyr::as_data_frame' by 'igraph::as_data_frame' when loading 'HiCNV'
Warning: replacing previous import 'heatmaply::normalize' by 'igraph::normalize' when loading 'HiCNV'
Warning: replacing previous import 'circlize::degree' by 'igraph::degree' when loading 'HiCNV'
Warning: replacing previous import 'dplyr::groups' by 'igraph::groups' when loading 'HiCNV'
Warning: replacing previous import 'dplyr::count' by 'matrixStats::count' when loading 'HiCNV'
Warning: replacing previous import 'ComplexHeatmap::add_heatmap' by 'plotly::add_heatmap' when loading 'HiCNV'
Warning: replacing previous import 'igraph::groups' by 'plotly::groups' when loading 'HiCNV'
Warning: replacing previous import 'ggplot2::last_plot' by 'plotly::last_plot' when loading 'HiCNV'
Warning: replacing previous import 'dplyr::failwith' by 'plyr::failwith' when loading 'HiCNV'
Warning: replacing previous import 'dplyr::id' by 'plyr::id' when loading 'HiCNV'
Warning: replacing previous import 'dplyr::summarize' by 'plyr::summarize' when loading 'HiCNV'
Warning: replacing previous import 'matrixStats::count' by 'plyr::count' when loading 'HiCNV'
Warning: replacing previous import 'dplyr::desc' by 'plyr::desc' when loading 'HiCNV'
Warning: replacing previous import 'plotly::mutate' by 'plyr::mutate' when loading 'HiCNV'
Warning: replacing previous import 'plotly::arrange' by 'plyr::arrange' when loading 'HiCNV'
Warning: replacing previous import 'plotly::rename' by 'plyr::rename' when loading 'HiCNV'
Warning: replacing previous import 'plotly::summarise' by 'plyr::summarise' when loading 'HiCNV'
Warning: replacing previous import 'data.table::melt' by 'reshape2::melt' when loading 'HiCNV'
Warning: replacing previous import 'data.table::dcast' by 'reshape2::dcast' when loading 'HiCNV'
Warning: replacing previous import 'shiny::runExample' by 'shinyjs::runExample' when loading 'HiCNV'
Warning: replacing previous import 'RCurl::reset' by 'shinyjs::reset' when loading 'HiCNV'
Warning: replacing previous import 'blockseg::show' by 'shinyjs::show' when loading 'HiCNV'
Warning: replacing previous import 'IRanges::smoothEnds' by 'stats::smoothEnds' when loading 'HiCNV'
Warning: replacing previous import 'IRanges::mad' by 'stats::mad' when loading 'HiCNV'
Warning: replacing previous import 'Matrix::cov2cor' by 'stats::cov2cor' when loading 'HiCNV'
Warning: replacing previous import 'IRanges::runmed' by 'stats::runmed' when loading 'HiCNV'
Warning: replacing previous import 'IRanges::start' by 'stats::start' when loading 'HiCNV'
Warning: replacing previous import 'igraph::decompose' by 'stats::decompose' when loading 'HiCNV'
Warning: replacing previous import 'blockseg::predict' by 'stats::predict' when loading 'HiCNV'
Warning: replacing previous import 'IRanges::window<-' by 'stats::window<-' when loading 'HiCNV'
Warning: replacing previous import 'IRanges::cor' by 'stats::cor' when loading 'HiCNV'
Warning: replacing previous import 'IRanges::cov' by 'stats::cov' when loading 'HiCNV'
Warning: replacing previous import 'plotly::filter' by 'stats::filter' when loading 'HiCNV'
Warning: replacing previous import 'blockseg::deviance' by 'stats::deviance' when loading 'HiCNV'
Warning: replacing previous import 'dplyr::lag' by 'stats::lag' when loading 'HiCNV'
Warning: replacing previous import 'Matrix::toeplitz' by 'stats::toeplitz' when loading 'HiCNV'
Warning: replacing previous import 'IRanges::quantile' by 'stats::quantile' when loading 'HiCNV'
Warning: replacing previous import 'IRanges::end' by 'stats::end' when loading 'HiCNV'
Warning: replacing previous import 'blockseg::residuals' by 'stats::residuals' when loading 'HiCNV'
Warning: replacing previous import 'IRanges::median' by 'stats::median' when loading 'HiCNV'
Warning: replacing previous import 'Matrix::update' by 'stats::update' when loading 'HiCNV'
Warning: replacing previous import 'IRanges::sd' by 'stats::sd' when loading 'HiCNV'
Warning: replacing previous import 'IRanges::var' by 'stats::var' when loading 'HiCNV'
Warning: replacing previous import 'igraph::spectrum' by 'stats::spectrum' when loading 'HiCNV'
Warning: replacing previous import 'IRanges::IQR' by 'stats::IQR' when loading 'HiCNV'
** help
*** installing help indices
** building package indices
** installing vignettes
** testing if installed package can be loaded
Error: package or namespace load failed for ‘HiCNV’ in dyn.load(file, DLLpath = DLLpath, ...):
 unable to load shared object '/spin1/home/linux/dalgleishjl/R/x86_64-pc-linux-gnu-library/3.5/lattice/libs/lattice.so':
  libgdal.so.20: cannot open shared object file: No such file or directory
Error: loading failed
Execution halted
ERROR: loading failed
* removing '/gpfs/gsfs9/users/CCRBioinfo/dalgleishjl/hicnv/hicnv/HiCNV.Rcheck/HiCNV'
